 
****************************************
Report : timing
        -path full
        -delay max
        -max_paths 1
Design : MazeRunner
Version: U-2022.12-SP4
Date   : Mon Dec 11 11:23:13 2023
****************************************

Operating Conditions: tt0p85v25c   Library: saed32lvt_tt0p85v25c
Wire Load Model Mode: enclosed

  Startpoint: iCMD/state_reg[1]
              (rising edge-triggered flip-flop clocked by clk)
  Endpoint: iCNTRL/satur_pipe_reg[0]
            (rising edge-triggered flip-flop clocked by clk)
  Path Group: clk
  Path Type: max

  Des/Clust/Port     Wire Load Model       Library
  ------------------------------------------------
  MazeRunner         16000                 saed32lvt_tt0p85v25c

  Point                                         Incr       Path
  ----------------------------------------------------------------
  clock clk (rise edge)                         0.00       0.00
  clock network delay (ideal)                   0.00       0.00
  iCMD/state_reg[1]/CLK (DFFARX1_LVT)           0.00       0.00 r
  iCMD/state_reg[1]/Q (DFFARX1_LVT)             0.10       0.10 f
  U2550/Y (NAND2X0_LVT)                         0.06       0.16 r
  U2548/Y (NAND3X0_LVT)                         0.06       0.22 f
  U2810/Y (NAND3X0_LVT)                         0.10       0.31 r
  U2543/Y (AO22X1_LVT)                          0.08       0.40 r
  iIR_adj/add_36_aco/U1_1/CO (FADDX1_LVT)       0.09       0.49 r
  iIR_adj/add_36_aco/U1_2/S (FADDX1_LVT)        0.10       0.59 f
  U3322/Y (INVX0_LVT)                           0.04       0.63 r
  iCNTRL/sub_42/U2_2/CO (FADDX1_LVT)            0.09       0.72 r
  iCNTRL/sub_42/U2_3/CO (FADDX1_LVT)            0.08       0.80 r
  iCNTRL/sub_42/U2_4/CO (FADDX1_LVT)            0.08       0.88 r
  iCNTRL/sub_42/U2_5/CO (FADDX1_LVT)            0.08       0.96 r
  iCNTRL/sub_42/U2_6/CO (FADDX1_LVT)            0.08       1.05 r
  iCNTRL/sub_42/U2_7/CO (FADDX1_LVT)            0.08       1.13 r
  iCNTRL/sub_42/U2_8/CO (FADDX1_LVT)            0.08       1.21 r
  iCNTRL/sub_42/U2_9/CO (FADDX1_LVT)            0.08       1.29 r
  iCNTRL/sub_42/U2_10/CO (FADDX1_LVT)           0.08       1.37 r
  U3150/Y (XNOR3X2_LVT)                         0.07       1.44 f
  U3295/Y (INVX0_LVT)                           0.05       1.49 r
  U2786/Y (OA21X2_LVT)                          0.06       1.55 r
  U2775/Y (AO21X1_LVT)                          0.05       1.61 r
  U2770/Y (OR2X1_LVT)                           0.05       1.66 r
  iCNTRL/sub_172/U2_1/CO (FADDX1_LVT)           0.08       1.74 r
  iCNTRL/sub_172/U2_2/CO (FADDX1_LVT)           0.08       1.83 r
  iCNTRL/sub_172/U2_3/CO (FADDX1_LVT)           0.08       1.91 r
  iCNTRL/sub_172/U2_4/CO (FADDX1_LVT)           0.08       1.99 r
  iCNTRL/sub_172/U2_5/CO (FADDX1_LVT)           0.09       2.08 r
  U2800/Y (NAND2X0_LVT)                         0.03       2.10 f
  U2803/Y (NAND3X0_LVT)                         0.05       2.15 r
  iCNTRL/sub_172/U2_7/CO (FADDX1_LVT)           0.08       2.23 r
  iCNTRL/sub_172/U2_8/CO (FADDX1_LVT)           0.08       2.32 r
  U2782/Y (NAND2X0_LVT)                         0.03       2.34 f
  U2784/Y (NAND3X0_LVT)                         0.04       2.38 r
  iCNTRL/sub_172/U2_10/Y (XOR3X2_LVT)           0.06       2.44 f
  U2406/Y (NAND2X0_LVT)                         0.07       2.51 r
  U2403/Y (AO21X1_LVT)                          0.06       2.57 r
  iCNTRL/satur_pipe_reg[0]/D (DFFARX1_LVT)      0.01       2.58 r
  data arrival time                                        2.58

  clock clk (rise edge)                         2.75       2.75
  clock network delay (ideal)                   0.00       2.75
  clock uncertainty                            -0.12       2.62
  iCNTRL/satur_pipe_reg[0]/CLK (DFFARX1_LVT)
                                                0.00       2.62 r
  library setup time                           -0.03       2.60
  data required time                                       2.60
  ----------------------------------------------------------------
  data required time                                       2.60
  data arrival time                                       -2.58
  ----------------------------------------------------------------
  slack (MET)                                              0.01


1
